# JRE version: OpenJDK Runtime Environment (8.0_152-b02) (build 1.8.0_152-release-1024-b02)
# Java VM: OpenJDK 64-Bit Server VM (25.152-b02 mixed mode windows-amd64 compressed oops)
Heap:
 PSYoungGen      total 336384K, used 250413K [0x00000000e0000000, 0x00000000f7680000, 0x0000000100000000)
  eden space 301568K, 71% used [0x00000000e0000000,0x00000000ed29cc00,0x00000000f2680000)
  from space 34816K, 99% used [0x00000000f3180000,0x00000000f536eaa8,0x00000000f5380000)
  to   space 35840K, 0% used [0x00000000f5380000,0x00000000f5380000,0x00000000f7680000)
 ParOldGen       total 153088K, used 42759K [0x00000000a0000000, 0x00000000a9580000, 0x00000000e0000000)
  object space 153088K, 27% used [0x00000000a0000000,0x00000000a29c1fe0,0x00000000a9580000)
 Metaspace       used 80481K, capacity 84454K, committed 84568K, reserved 1122304K
  class space    used 10202K, capacity 11114K, committed 11136K, reserved 1048576K
GC Heap History (10 events):
Event: 66.153 GC heap before
{Heap before GC invocations=12 (full 3):
 PSYoungGen      total 256512K, used 236544K [0x00000000e0000000, 0x00000000f3c00000, 0x0000000100000000)
  eden space 236544K, 100% used [0x00000000e0000000,0x00000000ee700000,0x00000000ee700000)
  from space 19968K, 0% used [0x00000000f0000000,0x00000000f0000000,0x00000000f1380000)
  to   space 25600K, 0% used [0x00000000ee700000,0x00000000ee700000,0x00000000f0000000)
 ParOldGen       total 153088K, used 40173K [0x00000000a0000000, 0x00000000a9580000, 0x00000000e0000000)
  object space 153088K, 26% used [0x00000000a0000000,0x00000000a273b570,0x00000000a9580000)
 Metaspace       used 64270K, capacity 66670K, committed 66776K, reserved 1107968K
  class space    used 8534K, capacity 9136K, committed 9216K, reserved 1048576K
Event: 66.224 GC heap after
Heap after GC invocations=12 (full 3):
 PSYoungGen      total 262144K, used 24122K [0x00000000e0000000, 0x00000000f4e80000, 0x0000000100000000)
  eden space 236544K, 0% used [0x00000000e0000000,0x00000000e0000000,0x00000000ee700000)
  from space 25600K, 94% used [0x00000000ee700000,0x00000000efe8eae0,0x00000000f0000000)
  to   space 28672K, 0% used [0x00000000f3280000,0x00000000f3280000,0x00000000f4e80000)
 ParOldGen       total 153088K, used 40181K [0x00000000a0000000, 0x00000000a9580000, 0x00000000e0000000)
  object space 153088K, 26% used [0x00000000a0000000,0x00000000a273d570,0x00000000a9580000)
 Metaspace       used 64270K, capacity 66670K, committed 66776K, reserved 1107968K
  class space    used 8534K, capacity 9136K, committed 9216K, reserved 1048576K
}
Event: 88.445 GC heap before
{Heap before GC invocations=13 (full 3):
 PSYoungGen      total 262144K, used 260666K [0x00000000e0000000, 0x00000000f4e80000, 0x0000000100000000)
  eden space 236544K, 100% used [0x00000000e0000000,0x00000000ee700000,0x00000000ee700000)
  from space 25600K, 94% used [0x00000000ee700000,0x00000000efe8eae0,0x00000000f0000000)
  to   space 28672K, 0% used [0x00000000f3280000,0x00000000f3280000,0x00000000f4e80000)
 ParOldGen       total 153088K, used 40181K [0x00000000a0000000, 0x00000000a9580000, 0x00000000e0000000)
  object space 153088K, 26% used [0x00000000a0000000,0x00000000a273d570,0x00000000a9580000)
 Metaspace       used 69172K, capacity 71716K, committed 71896K, reserved 1112064K
  class space    used 9009K, capacity 9631K, committed 9728K, reserved 1048576K
Event: 88.521 GC heap after
Heap after GC invocations=13 (full 3):
 PSYoungGen      total 307200K, used 28664K [0x00000000e0000000, 0x00000000f5200000, 0x0000000100000000)
  eden space 278528K, 0% used [0x00000000e0000000,0x00000000e0000000,0x00000000f1000000)
  from space 28672K, 99% used [0x00000000f3280000,0x00000000f4e7e2b8,0x00000000f4e80000)
  to   space 33792K, 0% used [0x00000000f1000000,0x00000000f1000000,0x00000000f3100000)
 ParOldGen       total 153088K, used 42743K [0x00000000a0000000, 0x00000000a9580000, 0x00000000e0000000)
  object space 153088K, 27% used [0x00000000a0000000,0x00000000a29bdfe0,0x00000000a9580000)
 Metaspace       used 69172K, capacity 71716K, committed 71896K, reserved 1112064K
  class space    used 9009K, capacity 9631K, committed 9728K, reserved 1048576K
}
Event: 182.136 GC heap before
{Heap before GC invocations=14 (full 3):
 PSYoungGen      total 307200K, used 307192K [0x00000000e0000000, 0x00000000f5200000, 0x0000000100000000)
  eden space 278528K, 100% used [0x00000000e0000000,0x00000000f1000000,0x00000000f1000000)
  from space 28672K, 99% used [0x00000000f3280000,0x00000000f4e7e2b8,0x00000000f4e80000)
  to   space 33792K, 0% used [0x00000000f1000000,0x00000000f1000000,0x00000000f3100000)
 ParOldGen       total 153088K, used 42743K [0x00000000a0000000, 0x00000000a9580000, 0x00000000e0000000)
  object space 153088K, 27% used [0x00000000a0000000,0x00000000a29bdfe0,0x00000000a9580000)
 Metaspace       used 70454K, capacity 73504K, committed 73560K, reserved 1114112K
  class space    used 9086K, capacity 9800K, committed 9856K, reserved 1048576K
Event: 182.267 GC heap after
Heap after GC invocations=14 (full 3):
 PSYoungGen      total 312320K, used 23431K [0x00000000e0000000, 0x00000000f7d80000, 0x0000000100000000)
  eden space 278528K, 0% used [0x00000000e0000000,0x00000000e0000000,0x00000000f1000000)
  from space 33792K, 69% used [0x00000000f1000000,0x00000000f26e1d40,0x00000000f3100000)
  to   space 35328K, 0% used [0x00000000f5b00000,0x00000000f5b00000,0x00000000f7d80000)
 ParOldGen       total 153088K, used 42751K [0x00000000a0000000, 0x00000000a9580000, 0x00000000e0000000)
  object space 153088K, 27% used [0x00000000a0000000,0x00000000a29bffe0,0x00000000a9580000)
 Metaspace       used 70454K, capacity 73504K, committed 73560K, reserved 1114112K
  class space    used 9086K, capacity 9800K, committed 9856K, reserved 1048576K
}
Event: 680.152 GC heap before
{Heap before GC invocations=15 (full 3):
 PSYoungGen      total 312320K, used 301959K [0x00000000e0000000, 0x00000000f7d80000, 0x0000000100000000)
  eden space 278528K, 100% used [0x00000000e0000000,0x00000000f1000000,0x00000000f1000000)
  from space 33792K, 69% used [0x00000000f1000000,0x00000000f26e1d40,0x00000000f3100000)
  to   space 35328K, 0% used [0x00000000f5b00000,0x00000000f5b00000,0x00000000f7d80000)
 ParOldGen       total 153088K, used 42751K [0x00000000a0000000, 0x00000000a9580000, 0x00000000e0000000)
  object space 153088K, 27% used [0x00000000a0000000,0x00000000a29bffe0,0x00000000a9580000)
 Metaspace       used 71225K, capacity 74574K, committed 74712K, reserved 1114112K
  class space    used 9159K, capacity 9962K, committed 9984K, reserved 1048576K
Event: 680.769 GC heap after
Heap after GC invocations=15 (full 3):
 PSYoungGen      total 343040K, used 23755K [0x00000000e0000000, 0x00000000f7880000, 0x0000000100000000)
  eden space 312832K, 0% used [0x00000000e0000000,0x00000000e0000000,0x00000000f3180000)
  from space 30208K, 78% used [0x00000000f5b00000,0x00000000f7232d70,0x00000000f7880000)
  to   space 36352K, 0% used [0x00000000f3180000,0x00000000f3180000,0x00000000f5500000)
 ParOldGen       total 153088K, used 42751K [0x00000000a0000000, 0x00000000a9580000, 0x00000000e0000000)
  object space 153088K, 27% used [0x00000000a0000000,0x00000000a29bffe0,0x00000000a9580000)
 Metaspace       used 71225K, capacity 74574K, committed 74712K, reserved 1114112K
  class space    used 9159K, capacity 9962K, committed 9984K, reserved 1048576K
}
Event: 756.155 GC heap before
{Heap before GC invocations=16 (full 3):
 PSYoungGen      total 343040K, used 336587K [0x00000000e0000000, 0x00000000f7880000, 0x0000000100000000)
  eden space 312832K, 100% used [0x00000000e0000000,0x00000000f3180000,0x00000000f3180000)
  from space 30208K, 78% used [0x00000000f5b00000,0x00000000f7232d70,0x00000000f7880000)
  to   space 36352K, 0% used [0x00000000f3180000,0x00000000f3180000,0x00000000f5500000)
 ParOldGen       total 153088K, used 42751K [0x00000000a0000000, 0x00000000a9580000, 0x00000000e0000000)
  object space 153088K, 27% used [0x00000000a0000000,0x00000000a29bffe0,0x00000000a9580000)
 Metaspace       used 71840K, capacity 75470K, committed 75608K, reserved 1114112K
  class space    used 9209K, capacity 10064K, committed 10112K, reserved 1048576K
Event: 756.228 GC heap after
Heap after GC invocations=16 (full 3):
 PSYoungGen      total 336384K, used 34746K [0x00000000e0000000, 0x00000000f7680000, 0x0000000100000000)
  eden space 301568K, 0% used [0x00000000e0000000,0x00000000e0000000,0x00000000f2680000)
  from space 34816K, 99% used [0x00000000f3180000,0x00000000f536eaa8,0x00000000f5380000)
  to   space 35840K, 0% used [0x00000000f5380000,0x00000000f5380000,0x00000000f7680000)
 ParOldGen       total 153088K, used 42759K [0x00000000a0000000, 0x00000000a9580000, 0x00000000e0000000)
  object space 153088K, 27% used [0x00000000a0000000,0x00000000a29c1fe0,0x00000000a9580000)
 Metaspace       used 71840K, capacity 75470K, committed 75608K, reserved 1114112K
  class space    used 9209K, capacity 10064K, committed 10112K, reserved 1048576K
}

